<?xml version="1.0" encoding="UTF-8"?>
<testsuite xmlns:xsi="http://www.w3.org/2001/XMLSchema-instance" xsi:noNamespaceSchemaLocation="https://maven.apache.org/surefire/maven-surefire-plugin/xsd/surefire-test-report.xsd" name="learning.Appium.EcommereTest" time="118.367" tests="4" errors="0" skipped="0" failures="0">
  <properties>
    <property name="java.specification.version" value="15"/>
    <property name="sun.jnu.encoding" value="UTF-8"/>
    <property name="java.class.path" value="/Users/vivekbatra/Desktop/appium work space/AppiumFramework/target/test-classes:/Users/vivekbatra/Desktop/appium work space/AppiumFramework/target/classes:/Users/vivekbatra/.m2/repository/io/appium/java-client/7.3.0/java-client-7.3.0.jar:/Users/vivekbatra/.m2/repository/org/seleniumhq/selenium/selenium-support/3.141.59/selenium-support-3.141.59.jar:/Users/vivekbatra/.m2/repository/org/seleniumhq/selenium/selenium-api/3.141.59/selenium-api-3.141.59.jar:/Users/vivekbatra/.m2/repository/com/google/code/gson/gson/2.8.5/gson-2.8.5.jar:/Users/vivekbatra/.m2/repository/org/apache/httpcomponents/httpclient/4.5.9/httpclient-4.5.9.jar:/Users/vivekbatra/.m2/repository/org/apache/httpcomponents/httpcore/4.4.11/httpcore-4.4.11.jar:/Users/vivekbatra/.m2/repository/commons-codec/commons-codec/1.11/commons-codec-1.11.jar:/Users/vivekbatra/.m2/repository/cglib/cglib/3.2.12/cglib-3.2.12.jar:/Users/vivekbatra/.m2/repository/org/ow2/asm/asm/7.1/asm-7.1.jar:/Users/vivekbatra/.m2/repository/org/springframework/spring-context/5.1.8.RELEASE/spring-context-5.1.8.RELEASE.jar:/Users/vivekbatra/.m2/repository/org/springframework/spring-aop/5.1.8.RELEASE/spring-aop-5.1.8.RELEASE.jar:/Users/vivekbatra/.m2/repository/org/springframework/spring-beans/5.1.8.RELEASE/spring-beans-5.1.8.RELEASE.jar:/Users/vivekbatra/.m2/repository/org/springframework/spring-core/5.1.8.RELEASE/spring-core-5.1.8.RELEASE.jar:/Users/vivekbatra/.m2/repository/org/springframework/spring-jcl/5.1.8.RELEASE/spring-jcl-5.1.8.RELEASE.jar:/Users/vivekbatra/.m2/repository/org/springframework/spring-expression/5.1.8.RELEASE/spring-expression-5.1.8.RELEASE.jar:/Users/vivekbatra/.m2/repository/org/aspectj/aspectjweaver/1.9.4/aspectjweaver-1.9.4.jar:/Users/vivekbatra/.m2/repository/org/seleniumhq/selenium/selenium-java/3.141.59/selenium-java-3.141.59.jar:/Users/vivekbatra/.m2/repository/org/seleniumhq/selenium/selenium-chrome-driver/3.141.59/selenium-chrome-driver-3.141.59.jar:/Users/vivekbatra/.m2/repository/org/seleniumhq/selenium/selenium-edge-driver/3.141.59/selenium-edge-driver-3.141.59.jar:/Users/vivekbatra/.m2/repository/org/seleniumhq/selenium/selenium-firefox-driver/3.141.59/selenium-firefox-driver-3.141.59.jar:/Users/vivekbatra/.m2/repository/org/seleniumhq/selenium/selenium-ie-driver/3.141.59/selenium-ie-driver-3.141.59.jar:/Users/vivekbatra/.m2/repository/org/seleniumhq/selenium/selenium-opera-driver/3.141.59/selenium-opera-driver-3.141.59.jar:/Users/vivekbatra/.m2/repository/org/seleniumhq/selenium/selenium-remote-driver/3.141.59/selenium-remote-driver-3.141.59.jar:/Users/vivekbatra/.m2/repository/org/seleniumhq/selenium/selenium-safari-driver/3.141.59/selenium-safari-driver-3.141.59.jar:/Users/vivekbatra/.m2/repository/net/bytebuddy/byte-buddy/1.8.15/byte-buddy-1.8.15.jar:/Users/vivekbatra/.m2/repository/org/apache/commons/commons-exec/1.3/commons-exec-1.3.jar:/Users/vivekbatra/.m2/repository/com/google/guava/guava/25.0-jre/guava-25.0-jre.jar:/Users/vivekbatra/.m2/repository/com/google/code/findbugs/jsr305/1.3.9/jsr305-1.3.9.jar:/Users/vivekbatra/.m2/repository/org/checkerframework/checker-compat-qual/2.0.0/checker-compat-qual-2.0.0.jar:/Users/vivekbatra/.m2/repository/com/google/errorprone/error_prone_annotations/2.1.3/error_prone_annotations-2.1.3.jar:/Users/vivekbatra/.m2/repository/com/google/j2objc/j2objc-annotations/1.1/j2objc-annotations-1.1.jar:/Users/vivekbatra/.m2/repository/org/codehaus/mojo/animal-sniffer-annotations/1.14/animal-sniffer-annotations-1.14.jar:/Users/vivekbatra/.m2/repository/com/squareup/okhttp3/okhttp/3.11.0/okhttp-3.11.0.jar:/Users/vivekbatra/.m2/repository/com/squareup/okio/okio/1.14.0/okio-1.14.0.jar:/Users/vivekbatra/.m2/repository/org/testng/testng/7.3.0/testng-7.3.0.jar:/Users/vivekbatra/.m2/repository/com/beust/jcommander/1.78/jcommander-1.78.jar:/Users/vivekbatra/.m2/repository/org/apache/ant/ant/1.10.3/ant-1.10.3.jar:/Users/vivekbatra/.m2/repository/org/apache/ant/ant-launcher/1.10.3/ant-launcher-1.10.3.jar:/Users/vivekbatra/.m2/repository/junit/junit/4.12/junit-4.12.jar:/Users/vivekbatra/.m2/repository/org/hamcrest/hamcrest-core/1.3/hamcrest-core-1.3.jar:/Users/vivekbatra/.m2/repository/com/google/inject/guice/4.2.2/guice-4.2.2-no_aop.jar:/Users/vivekbatra/.m2/repository/javax/inject/javax.inject/1/javax.inject-1.jar:/Users/vivekbatra/.m2/repository/aopalliance/aopalliance/1.0/aopalliance-1.0.jar:/Users/vivekbatra/.m2/repository/org/yaml/snakeyaml/1.21/snakeyaml-1.21.jar:/Users/vivekbatra/.m2/repository/io/github/bonigarcia/webdrivermanager/4.2.2/webdrivermanager-4.2.2.jar:/Users/vivekbatra/.m2/repository/org/apache/httpcomponents/client5/httpclient5/5.0.1/httpclient5-5.0.1.jar:/Users/vivekbatra/.m2/repository/org/apache/httpcomponents/core5/httpcore5/5.0.1/httpcore5-5.0.1.jar:/Users/vivekbatra/.m2/repository/org/apache/httpcomponents/core5/httpcore5-h2/5.0.1/httpcore5-h2-5.0.1.jar:/Users/vivekbatra/.m2/repository/org/rauschig/jarchivelib/1.1.0/jarchivelib-1.1.0.jar:/Users/vivekbatra/.m2/repository/org/apache/commons/commons-compress/1.20/commons-compress-1.20.jar:/Users/vivekbatra/.m2/repository/org/jsoup/jsoup/1.13.1/jsoup-1.13.1.jar:/Users/vivekbatra/.m2/repository/com/aventstack/extentreports/4.0.0/extentreports-4.0.0.jar:/Users/vivekbatra/.m2/repository/org/freemarker/freemarker/2.3.23/freemarker-2.3.23.jar:/Users/vivekbatra/.m2/repository/org/mongodb/mongodb-driver/3.3.0/mongodb-driver-3.3.0.jar:/Users/vivekbatra/.m2/repository/org/mongodb/mongodb-driver-core/3.3.0/mongodb-driver-core-3.3.0.jar:/Users/vivekbatra/.m2/repository/org/mongodb/bson/3.3.0/bson-3.3.0.jar:/Users/vivekbatra/.m2/repository/org/apache/httpcomponents/httpmime/4.5.2/httpmime-4.5.2.jar:/Users/vivekbatra/.m2/repository/org/slf4j/slf4j-simple/1.7.30/slf4j-simple-1.7.30.jar:/Users/vivekbatra/.m2/repository/org/slf4j/slf4j-api/1.7.30/slf4j-api-1.7.30.jar:/Users/vivekbatra/.m2/repository/org/apache/commons/commons-lang3/3.11/commons-lang3-3.11.jar:/Users/vivekbatra/.m2/repository/commons-io/commons-io/2.8.0/commons-io-2.8.0.jar:/Users/vivekbatra/.m2/repository/commons-validator/commons-validator/1.7/commons-validator-1.7.jar:/Users/vivekbatra/.m2/repository/commons-beanutils/commons-beanutils/1.9.4/commons-beanutils-1.9.4.jar:/Users/vivekbatra/.m2/repository/commons-digester/commons-digester/2.1/commons-digester-2.1.jar:/Users/vivekbatra/.m2/repository/commons-logging/commons-logging/1.2/commons-logging-1.2.jar:/Users/vivekbatra/.m2/repository/commons-collections/commons-collections/3.2.2/commons-collections-3.2.2.jar:"/>
    <property name="java.vm.vendor" value="Oracle Corporation"/>
    <property name="sun.arch.data.model" value="64"/>
    <property name="java.vendor.url" value="https://java.oracle.com/"/>
    <property name="os.name" value="Mac OS X"/>
    <property name="java.vm.specification.version" value="15"/>
    <property name="sun.java.launcher" value="SUN_STANDARD"/>
    <property name="user.country" value="CA"/>
    <property name="sun.boot.library.path" value="/Library/Java/JavaVirtualMachines/jdk-15.jdk/Contents/Home/lib"/>
    <property name="sun.java.command" value="/Users/vivekbatra/Desktop/appium work space/AppiumFramework/target/surefire/surefirebooter14685570756045678280.jar /Users/vivekbatra/Desktop/appium work space/AppiumFramework/target/surefire 2020-12-28T21-40-56_201-jvmRun1 surefire9089440654204797756tmp surefire_04726293947844634794tmp"/>
    <property name="http.nonProxyHosts" value="local|*.local|169.254/16|*.169.254/16"/>
    <property name="jdk.debug" value="release"/>
    <property name="surefire.test.class.path" value="/Users/vivekbatra/Desktop/appium work space/AppiumFramework/target/test-classes:/Users/vivekbatra/Desktop/appium work space/AppiumFramework/target/classes:/Users/vivekbatra/.m2/repository/io/appium/java-client/7.3.0/java-client-7.3.0.jar:/Users/vivekbatra/.m2/repository/org/seleniumhq/selenium/selenium-support/3.141.59/selenium-support-3.141.59.jar:/Users/vivekbatra/.m2/repository/org/seleniumhq/selenium/selenium-api/3.141.59/selenium-api-3.141.59.jar:/Users/vivekbatra/.m2/repository/com/google/code/gson/gson/2.8.5/gson-2.8.5.jar:/Users/vivekbatra/.m2/repository/org/apache/httpcomponents/httpclient/4.5.9/httpclient-4.5.9.jar:/Users/vivekbatra/.m2/repository/org/apache/httpcomponents/httpcore/4.4.11/httpcore-4.4.11.jar:/Users/vivekbatra/.m2/repository/commons-codec/commons-codec/1.11/commons-codec-1.11.jar:/Users/vivekbatra/.m2/repository/cglib/cglib/3.2.12/cglib-3.2.12.jar:/Users/vivekbatra/.m2/repository/org/ow2/asm/asm/7.1/asm-7.1.jar:/Users/vivekbatra/.m2/repository/org/springframework/spring-context/5.1.8.RELEASE/spring-context-5.1.8.RELEASE.jar:/Users/vivekbatra/.m2/repository/org/springframework/spring-aop/5.1.8.RELEASE/spring-aop-5.1.8.RELEASE.jar:/Users/vivekbatra/.m2/repository/org/springframework/spring-beans/5.1.8.RELEASE/spring-beans-5.1.8.RELEASE.jar:/Users/vivekbatra/.m2/repository/org/springframework/spring-core/5.1.8.RELEASE/spring-core-5.1.8.RELEASE.jar:/Users/vivekbatra/.m2/repository/org/springframework/spring-jcl/5.1.8.RELEASE/spring-jcl-5.1.8.RELEASE.jar:/Users/vivekbatra/.m2/repository/org/springframework/spring-expression/5.1.8.RELEASE/spring-expression-5.1.8.RELEASE.jar:/Users/vivekbatra/.m2/repository/org/aspectj/aspectjweaver/1.9.4/aspectjweaver-1.9.4.jar:/Users/vivekbatra/.m2/repository/org/seleniumhq/selenium/selenium-java/3.141.59/selenium-java-3.141.59.jar:/Users/vivekbatra/.m2/repository/org/seleniumhq/selenium/selenium-chrome-driver/3.141.59/selenium-chrome-driver-3.141.59.jar:/Users/vivekbatra/.m2/repository/org/seleniumhq/selenium/selenium-edge-driver/3.141.59/selenium-edge-driver-3.141.59.jar:/Users/vivekbatra/.m2/repository/org/seleniumhq/selenium/selenium-firefox-driver/3.141.59/selenium-firefox-driver-3.141.59.jar:/Users/vivekbatra/.m2/repository/org/seleniumhq/selenium/selenium-ie-driver/3.141.59/selenium-ie-driver-3.141.59.jar:/Users/vivekbatra/.m2/repository/org/seleniumhq/selenium/selenium-opera-driver/3.141.59/selenium-opera-driver-3.141.59.jar:/Users/vivekbatra/.m2/repository/org/seleniumhq/selenium/selenium-remote-driver/3.141.59/selenium-remote-driver-3.141.59.jar:/Users/vivekbatra/.m2/repository/org/seleniumhq/selenium/selenium-safari-driver/3.141.59/selenium-safari-driver-3.141.59.jar:/Users/vivekbatra/.m2/repository/net/bytebuddy/byte-buddy/1.8.15/byte-buddy-1.8.15.jar:/Users/vivekbatra/.m2/repository/org/apache/commons/commons-exec/1.3/commons-exec-1.3.jar:/Users/vivekbatra/.m2/repository/com/google/guava/guava/25.0-jre/guava-25.0-jre.jar:/Users/vivekbatra/.m2/repository/com/google/code/findbugs/jsr305/1.3.9/jsr305-1.3.9.jar:/Users/vivekbatra/.m2/repository/org/checkerframework/checker-compat-qual/2.0.0/checker-compat-qual-2.0.0.jar:/Users/vivekbatra/.m2/repository/com/google/errorprone/error_prone_annotations/2.1.3/error_prone_annotations-2.1.3.jar:/Users/vivekbatra/.m2/repository/com/google/j2objc/j2objc-annotations/1.1/j2objc-annotations-1.1.jar:/Users/vivekbatra/.m2/repository/org/codehaus/mojo/animal-sniffer-annotations/1.14/animal-sniffer-annotations-1.14.jar:/Users/vivekbatra/.m2/repository/com/squareup/okhttp3/okhttp/3.11.0/okhttp-3.11.0.jar:/Users/vivekbatra/.m2/repository/com/squareup/okio/okio/1.14.0/okio-1.14.0.jar:/Users/vivekbatra/.m2/repository/org/testng/testng/7.3.0/testng-7.3.0.jar:/Users/vivekbatra/.m2/repository/com/beust/jcommander/1.78/jcommander-1.78.jar:/Users/vivekbatra/.m2/repository/org/apache/ant/ant/1.10.3/ant-1.10.3.jar:/Users/vivekbatra/.m2/repository/org/apache/ant/ant-launcher/1.10.3/ant-launcher-1.10.3.jar:/Users/vivekbatra/.m2/repository/junit/junit/4.12/junit-4.12.jar:/Users/vivekbatra/.m2/repository/org/hamcrest/hamcrest-core/1.3/hamcrest-core-1.3.jar:/Users/vivekbatra/.m2/repository/com/google/inject/guice/4.2.2/guice-4.2.2-no_aop.jar:/Users/vivekbatra/.m2/repository/javax/inject/javax.inject/1/javax.inject-1.jar:/Users/vivekbatra/.m2/repository/aopalliance/aopalliance/1.0/aopalliance-1.0.jar:/Users/vivekbatra/.m2/repository/org/yaml/snakeyaml/1.21/snakeyaml-1.21.jar:/Users/vivekbatra/.m2/repository/io/github/bonigarcia/webdrivermanager/4.2.2/webdrivermanager-4.2.2.jar:/Users/vivekbatra/.m2/repository/org/apache/httpcomponents/client5/httpclient5/5.0.1/httpclient5-5.0.1.jar:/Users/vivekbatra/.m2/repository/org/apache/httpcomponents/core5/httpcore5/5.0.1/httpcore5-5.0.1.jar:/Users/vivekbatra/.m2/repository/org/apache/httpcomponents/core5/httpcore5-h2/5.0.1/httpcore5-h2-5.0.1.jar:/Users/vivekbatra/.m2/repository/org/rauschig/jarchivelib/1.1.0/jarchivelib-1.1.0.jar:/Users/vivekbatra/.m2/repository/org/apache/commons/commons-compress/1.20/commons-compress-1.20.jar:/Users/vivekbatra/.m2/repository/org/jsoup/jsoup/1.13.1/jsoup-1.13.1.jar:/Users/vivekbatra/.m2/repository/com/aventstack/extentreports/4.0.0/extentreports-4.0.0.jar:/Users/vivekbatra/.m2/repository/org/freemarker/freemarker/2.3.23/freemarker-2.3.23.jar:/Users/vivekbatra/.m2/repository/org/mongodb/mongodb-driver/3.3.0/mongodb-driver-3.3.0.jar:/Users/vivekbatra/.m2/repository/org/mongodb/mongodb-driver-core/3.3.0/mongodb-driver-core-3.3.0.jar:/Users/vivekbatra/.m2/repository/org/mongodb/bson/3.3.0/bson-3.3.0.jar:/Users/vivekbatra/.m2/repository/org/apache/httpcomponents/httpmime/4.5.2/httpmime-4.5.2.jar:/Users/vivekbatra/.m2/repository/org/slf4j/slf4j-simple/1.7.30/slf4j-simple-1.7.30.jar:/Users/vivekbatra/.m2/repository/org/slf4j/slf4j-api/1.7.30/slf4j-api-1.7.30.jar:/Users/vivekbatra/.m2/repository/org/apache/commons/commons-lang3/3.11/commons-lang3-3.11.jar:/Users/vivekbatra/.m2/repository/commons-io/commons-io/2.8.0/commons-io-2.8.0.jar:/Users/vivekbatra/.m2/repository/commons-validator/commons-validator/1.7/commons-validator-1.7.jar:/Users/vivekbatra/.m2/repository/commons-beanutils/commons-beanutils/1.9.4/commons-beanutils-1.9.4.jar:/Users/vivekbatra/.m2/repository/commons-digester/commons-digester/2.1/commons-digester-2.1.jar:/Users/vivekbatra/.m2/repository/commons-logging/commons-logging/1.2/commons-logging-1.2.jar:/Users/vivekbatra/.m2/repository/commons-collections/commons-collections/3.2.2/commons-collections-3.2.2.jar:"/>
    <property name="sun.cpu.endian" value="little"/>
    <property name="user.home" value="/Users/vivekbatra"/>
    <property name="user.language" value="en"/>
    <property name="java.specification.vendor" value="Oracle Corporation"/>
    <property name="java.version.date" value="2020-09-15"/>
    <property name="java.home" value="/Library/Java/JavaVirtualMachines/jdk-15.jdk/Contents/Home"/>
    <property name="file.separator" value="/"/>
    <property name="basedir" value="/Users/vivekbatra/Desktop/appium work space/AppiumFramework"/>
    <property name="java.vm.compressedOopsMode" value="Zero based"/>
    <property name="line.separator" value="&#10;"/>
    <property name="java.specification.name" value="Java Platform API Specification"/>
    <property name="java.vm.specification.vendor" value="Oracle Corporation"/>
    <property name="surefire.real.class.path" value="/Users/vivekbatra/Desktop/appium work space/AppiumFramework/target/surefire/surefirebooter14685570756045678280.jar"/>
    <property name="sun.management.compiler" value="HotSpot 64-Bit Tiered Compilers"/>
    <property name="ftp.nonProxyHosts" value="local|*.local|169.254/16|*.169.254/16"/>
    <property name="java.runtime.version" value="15+36-1562"/>
    <property name="user.name" value="vivekbatra"/>
    <property name="path.separator" value=":"/>
    <property name="os.version" value="10.16"/>
    <property name="java.runtime.name" value="Java(TM) SE Runtime Environment"/>
    <property name="file.encoding" value="UTF-8"/>
    <property name="java.vm.name" value="Java HotSpot(TM) 64-Bit Server VM"/>
    <property name="localRepository" value="/Users/vivekbatra/.m2/repository"/>
    <property name="java.vendor.url.bug" value="https://bugreport.java.com/bugreport/"/>
    <property name="java.io.tmpdir" value="/var/folders/gj/gy4zmj4j5vx2n47vcd6ms73m0000gn/T/"/>
    <property name="java.version" value="15"/>
    <property name="user.dir" value="/Users/vivekbatra/Desktop/appium work space/AppiumFramework"/>
    <property name="os.arch" value="x86_64"/>
    <property name="java.vm.specification.name" value="Java Virtual Machine Specification"/>
    <property name="java.library.path" value="/Users/vivekbatra/Library/Java/Extensions:/Library/Java/Extensions:/Network/Library/Java/Extensions:/System/Library/Java/Extensions:/usr/lib/java:."/>
    <property name="java.vm.info" value="mixed mode, sharing"/>
    <property name="java.vendor" value="Oracle Corporation"/>
    <property name="java.vm.version" value="15+36-1562"/>
    <property name="sun.io.unicode.encoding" value="UnicodeBig"/>
    <property name="socksNonProxyHosts" value="local|*.local|169.254/16|*.169.254/16"/>
    <property name="java.class.version" value="59.0"/>
  </properties>
  <testcase name="tc1" classname="learning.Appium.EcommereTest" time="12.937"/>
  <testcase name="tc2" classname="learning.Appium.EcommereTest" time="17.584"/>
  <testcase name="tc3" classname="learning.Appium.EcommereTest" time="5.516"/>
  <testcase name="tc4" classname="learning.Appium.EcommereTest" time="15.884"/>
</testsuite>