<?xml version="1.0" encoding="UTF-8"?>
<!-- Generated by org.testng.reporters.JUnitReportReporter -->
<testsuite hostname="Viveks-MacBook-Pro.local" failures="0" tests="1" name="learning.Appium.AppTest" time="0.001" errors="0" timestamp="2020-12-17T15:32:42 EST" skipped="0">
  <testcase classname="learning.Appium.AppTest" name="shouldAnswerWithTrue" time="0.001"/>
  <system-out/>
</testsuite> <!-- learning.Appium.AppTest -->
