<?xml version="1.0" encoding="UTF-8"?>
<!-- Generated by org.testng.reporters.JUnitReportReporter -->
<testsuite hostname="Viveks-MacBook-Pro.local" failures="0" tests="4" name="learning.Appium.EcommereTest" time="47.533" errors="0" timestamp="2020-12-27T19:13:23 EST" skipped="0">
  <testcase classname="learning.Appium.EcommereTest" name="tc3" time="5.155"/>
  <system-out/>
  <testcase classname="learning.Appium.EcommereTest" name="tc1" time="11.124"/>
  <system-out/>
  <testcase classname="learning.Appium.EcommereTest" name="tc4" time="15.812"/>
  <system-out/>
  <testcase classname="learning.Appium.EcommereTest" name="tc2" time="15.442"/>
  <system-out/>
</testsuite> <!-- learning.Appium.EcommereTest -->
