<?xml version="1.0" encoding="UTF-8"?>
<!-- Generated by org.testng.reporters.JUnitReportReporter -->
<testsuite hostname="Viveks-MacBook-Pro.local" failures="0" tests="4" name="learning.Appium.EcommereTest" time="51.933" errors="0" timestamp="2020-12-28T21:42:54 EST" skipped="0">
  <testcase classname="learning.Appium.EcommereTest" name="tc4" time="15.884"/>
  <system-out/>
  <testcase classname="learning.Appium.EcommereTest" name="tc2" time="17.599"/>
  <system-out/>
  <testcase classname="learning.Appium.EcommereTest" name="tc3" time="5.516"/>
  <system-out/>
  <testcase classname="learning.Appium.EcommereTest" name="tc1" time="12.934"/>
  <system-out/>
</testsuite> <!-- learning.Appium.EcommereTest -->
