<?xml version="1.0" encoding="UTF-8"?>
<!-- Generated by org.testng.reporters.JUnitReportReporter -->
<testsuite hostname="Viveks-MacBook-Pro.local" failures="0" tests="4" name="learning.Appium.EcommereTest" time="57.447" errors="0" timestamp="2020-12-27T22:24:20 EST" skipped="0">
  <testcase classname="learning.Appium.EcommereTest" name="tc4" time="15.980"/>
  <system-out/>
  <testcase classname="learning.Appium.EcommereTest" name="tc2" time="19.933"/>
  <system-out/>
  <testcase classname="learning.Appium.EcommereTest" name="tc3" time="5.606"/>
  <system-out/>
  <testcase classname="learning.Appium.EcommereTest" name="tc1" time="15.928"/>
  <system-out/>
</testsuite> <!-- learning.Appium.EcommereTest -->
